This is pdfTeX, Version 3.1415926-2.5-1.40.14 (MiKTeX 2.9) (preloaded format=pdflatex 2015.8.23)  30 NOV 2015 13:52
entering extended mode
**thesis_main.tex
(C:\Users\Nathan\Desktop\Proposal\thesis_main.tex
LaTeX2e <2011/06/27>
Babel <v3.8m> and hyphenation patterns for english, afrikaans, ancientgreek, ar
abic, armenian, assamese, basque, bengali, bokmal, bulgarian, catalan, coptic, 
croatian, czech, danish, dutch, esperanto, estonian, farsi, finnish, french, ga
lician, german, german-x-2013-05-26, greek, gujarati, hindi, hungarian, iceland
ic, indonesian, interlingua, irish, italian, kannada, kurmanji, latin, latvian,
 lithuanian, malayalam, marathi, mongolian, mongolianlmc, monogreek, ngerman, n
german-x-2013-05-26, nynorsk, oriya, panjabi, pinyin, polish, portuguese, roman
ian, russian, sanskrit, serbian, slovak, slovenian, spanish, swedish, swissgerm
an, tamil, telugu, turkish, turkmen, ukenglish, ukrainian, uppersorbian, usengl
ishmax, welsh, loaded.
(C:\Users\Nathan\Desktop\Proposal\ruthesis.cls
Document Class: ruthesis 1995/11/21 Thesis Class, ECE, Rice University, jeo
("C:\Program Files (x86)\MiKTeX 2.9\tex\latex\base\report.cls"
Document Class: report 2007/10/19 v1.4h Standard LaTeX document class
("C:\Program Files (x86)\MiKTeX 2.9\tex\latex\base\size12.clo"
File: size12.clo 2007/10/19 v1.4h Standard LaTeX file (size option)
)
\c@part=\count79
\c@chapter=\count80
\c@section=\count81
\c@subsection=\count82
\c@subsubsection=\count83
\c@paragraph=\count84
\c@subparagraph=\count85
\c@figure=\count86
\c@table=\count87
\abovecaptionskip=\skip41
\belowcaptionskip=\skip42
\bibindent=\dimen102
)
("C:\Program Files (x86)\MiKTeX 2.9\tex\latex\base\ifthen.sty"
Package: ifthen 2001/05/26 v1.1c Standard LaTeX ifthen package (DPC)
)
("C:\Program Files (x86)\MiKTeX 2.9\tex\latex\graphics\graphicx.sty"
Package: graphicx 1999/02/16 v1.0f Enhanced LaTeX Graphics (DPC,SPQR)

("C:\Program Files (x86)\MiKTeX 2.9\tex\latex\graphics\keyval.sty"
Package: keyval 1999/03/16 v1.13 key=value parser (DPC)
\KV@toks@=\toks14
)
("C:\Program Files (x86)\MiKTeX 2.9\tex\latex\graphics\graphics.sty"
Package: graphics 2009/02/05 v1.0o Standard LaTeX Graphics (DPC,SPQR)

("C:\Program Files (x86)\MiKTeX 2.9\tex\latex\graphics\trig.sty"
Package: trig 1999/03/16 v1.09 sin cos tan (DPC)
)
("C:\Program Files (x86)\MiKTeX 2.9\tex\latex\00miktex\graphics.cfg"
File: graphics.cfg 2007/01/18 v1.5 graphics configuration of teTeX/TeXLive
)
Package graphics Info: Driver file: pdftex.def on input line 91.

("C:\Program Files (x86)\MiKTeX 2.9\tex\latex\pdftex-def\pdftex.def"
File: pdftex.def 2011/05/27 v0.06d Graphics/color for pdfTeX

("C:\Program Files (x86)\MiKTeX 2.9\tex\generic\oberdiek\infwarerr.sty"
Package: infwarerr 2010/04/08 v1.3 Providing info/warning/error messages (HO)
)
("C:\Program Files (x86)\MiKTeX 2.9\tex\generic\oberdiek\ltxcmds.sty"
Package: ltxcmds 2011/11/09 v1.22 LaTeX kernel commands for general use (HO)
)
\Gread@gobject=\count88
))
\Gin@req@height=\dimen103
\Gin@req@width=\dimen104
)
12pt mode selected but not implemented
) ("C:\Program Files (x86)\MiKTeX 2.9\tex\latex\amsmath\amsmath.sty"
Package: amsmath 2013/01/14 v2.14 AMS math features
\@mathmargin=\skip43

For additional information on amsmath, use the `?' option.
("C:\Program Files (x86)\MiKTeX 2.9\tex\latex\amsmath\amstext.sty"
Package: amstext 2000/06/29 v2.01

("C:\Program Files (x86)\MiKTeX 2.9\tex\latex\amsmath\amsgen.sty"
File: amsgen.sty 1999/11/30 v2.0
\@emptytoks=\toks15
\ex@=\dimen105
))
("C:\Program Files (x86)\MiKTeX 2.9\tex\latex\amsmath\amsbsy.sty"
Package: amsbsy 1999/11/29 v1.2d
\pmbraise@=\dimen106
)
("C:\Program Files (x86)\MiKTeX 2.9\tex\latex\amsmath\amsopn.sty"
Package: amsopn 1999/12/14 v2.01 operator names
)
\inf@bad=\count89
LaTeX Info: Redefining \frac on input line 210.
\uproot@=\count90
\leftroot@=\count91
LaTeX Info: Redefining \overline on input line 306.
\classnum@=\count92
\DOTSCASE@=\count93
LaTeX Info: Redefining \ldots on input line 378.
LaTeX Info: Redefining \dots on input line 381.
LaTeX Info: Redefining \cdots on input line 466.
\Mathstrutbox@=\box26
\strutbox@=\box27
\big@size=\dimen107
LaTeX Font Info:    Redeclaring font encoding OML on input line 566.
LaTeX Font Info:    Redeclaring font encoding OMS on input line 567.
\macc@depth=\count94
\c@MaxMatrixCols=\count95
\dotsspace@=\muskip10
\c@parentequation=\count96
\dspbrk@lvl=\count97
\tag@help=\toks16
\row@=\count98
\column@=\count99
\maxfields@=\count100
\andhelp@=\toks17
\eqnshift@=\dimen108
\alignsep@=\dimen109
\tagshift@=\dimen110
\tagwidth@=\dimen111
\totwidth@=\dimen112
\lineht@=\dimen113
\@envbody=\toks18
\multlinegap=\skip44
\multlinetaggap=\skip45
\mathdisplay@stack=\toks19
LaTeX Info: Redefining \[ on input line 2665.
LaTeX Info: Redefining \] on input line 2666.
)
("C:\Program Files (x86)\MiKTeX 2.9\tex\latex\amsfonts\amssymb.sty"
Package: amssymb 2013/01/14 v3.01 AMS font symbols

("C:\Program Files (x86)\MiKTeX 2.9\tex\latex\amsfonts\amsfonts.sty"
Package: amsfonts 2013/01/14 v3.01 Basic AMSFonts support
\symAMSa=\mathgroup4
\symAMSb=\mathgroup5
LaTeX Font Info:    Overwriting math alphabet `\mathfrak' in version `bold'
(Font)                  U/euf/m/n --> U/euf/b/n on input line 106.
))
("C:\Program Files (x86)\MiKTeX 2.9\tex\latex\base\latexsym.sty"
Package: latexsym 1998/08/17 v2.2e Standard LaTeX package (lasy symbols)
\symlasy=\mathgroup6
LaTeX Font Info:    Overwriting symbol font `lasy' in version `bold'
(Font)                  U/lasy/m/n --> U/lasy/b/n on input line 47.
)
("C:\Program Files (x86)\MiKTeX 2.9\tex\latex\graphics\epsfig.sty"
Package: epsfig 1999/02/16 v1.7a (e)psfig emulation (SPQR)
\epsfxsize=\dimen114
\epsfysize=\dimen115
)
(C:\Users\Nathan\Desktop\Proposal\epsf.sty
\epsffilein=\read1
\epsfxsize=\dimen116
\epsfysize=\dimen117
\epsftsize=\dimen118
\epsfrsize=\dimen119
\epsftmp=\dimen120
\pspoints=\dimen121
)
(C:\Users\Nathan\Desktop\Proposal\rotating.sty
Package: rotating 1997/09/26, v2.13 Rotation package
\c@r@tfl@t=\count101
\rot@float@box=\box28
)
(C:\Users\Nathan\Desktop\Proposal\subfigure.sty
Package: subfigure 2002/07/30 v2.1.4 subfigure package
\subfigtopskip=\skip46
\subfigcapskip=\skip47
\subfigcaptopadj=\dimen122
\subfigbottomskip=\skip48
\subfigcapmargin=\dimen123
\subfiglabelskip=\skip49
\c@subfigure=\count102
\c@lofdepth=\count103
\c@subtable=\count104
\c@lotdepth=\count105

****************************************
* Local config file subfigure.cfg used *
****************************************
("C:\Program Files (x86)\MiKTeX 2.9\tex\latex\subfigure\subfigure.cfg")
\subfig@top=\skip50
\subfig@bottom=\skip51
)
("C:\Program Files (x86)\MiKTeX 2.9\tex\latex\tools\theorem.sty"
Package: theorem 1995/11/23 v2.2c Theorem extension package (FMi)
\theorem@style=\toks20
\theorem@bodyfont=\toks21
\theorempreskipamount=\skip52
\theorempostskipamount=\skip53

("C:\Program Files (x86)\MiKTeX 2.9\tex\latex\tools\thp.sty"
File: thp.sty 1995/11/23 v2.2c Theorem extension package (FMi)
))
("C:\Program Files (x86)\MiKTeX 2.9\tex\latex\tools\verbatim.sty"
Package: verbatim 2003/08/22 v1.5q LaTeX2e package for verbatim enhancements
\every@verbatim=\toks22
\verbatim@line=\toks23
\verbatim@in@stream=\read2
)
("C:\Program Files (x86)\MiKTeX 2.9\tex\latex\float\float.sty"
Package: float 2001/11/08 v1.3d Float enhancements (AL)
\c@float@type=\count106
\float@exts=\toks24
\float@box=\box29
\@float@everytoks=\toks25
\@floatcapt=\box30
)
("C:\Program Files (x86)\MiKTeX 2.9\tex\latex\xcolor\xcolor.sty"
Package: xcolor 2007/01/21 v2.11 LaTeX color extensions (UK)

("C:\Program Files (x86)\MiKTeX 2.9\tex\latex\00miktex\color.cfg"
File: color.cfg 2007/01/18 v1.5 color configuration of teTeX/TeXLive
)
Package xcolor Info: Driver file: pdftex.def on input line 225.
Package xcolor Info: Model `cmy' substituted by `cmy0' on input line 1337.
Package xcolor Info: Model `hsb' substituted by `rgb' on input line 1341.
Package xcolor Info: Model `RGB' extended on input line 1353.
Package xcolor Info: Model `HTML' substituted by `rgb' on input line 1355.
Package xcolor Info: Model `Hsb' substituted by `hsb' on input line 1356.
Package xcolor Info: Model `tHsb' substituted by `hsb' on input line 1357.
Package xcolor Info: Model `HSB' substituted by `hsb' on input line 1358.
Package xcolor Info: Model `Gray' substituted by `gray' on input line 1359.
Package xcolor Info: Model `wave' substituted by `hsb' on input line 1360.
)
("C:\Program Files (x86)\MiKTeX 2.9\tex\latex\appendix\appendix.sty"
Package: appendix 2009/09/02 v1.2b extra appendix facilities
\c@@pps=\count107
\c@@ppsavesec=\count108
\c@@ppsaveapp=\count109
)
("C:\Program Files (x86)\MiKTeX 2.9\tex\latex\base\inputenc.sty"
Package: inputenc 2008/03/30 v1.1d Input encoding file
\inpenc@prehook=\toks26
\inpenc@posthook=\toks27
)
("C:\Program Files (x86)\MiKTeX 2.9\tex\latex\adjustbox\adjustbox.sty"
Package: adjustbox 2012/05/21 v1.0 Adjusting TeX boxes (trim, clip, ...)

("C:\Program Files (x86)\MiKTeX 2.9\tex\latex\xkeyval\xkeyval.sty"
Package: xkeyval 2012/10/14 v2.6b package option processing (HA)

("C:\Program Files (x86)\MiKTeX 2.9\tex\generic\xkeyval\xkeyval.tex"
\XKV@toks=\toks28
\XKV@tempa@toks=\toks29
\XKV@depth=\count110
File: xkeyval.tex 2012/10/14 v2.6b key=value parser (HA)
))
("C:\Program Files (x86)\MiKTeX 2.9\tex\latex\adjustbox\adjcalc.sty"
Package: adjcalc 2012/05/16 v1.1 Provides advanced setlength with multiple back
-ends (calc, etex, pgfmath)
)
("C:\Program Files (x86)\MiKTeX 2.9\tex\latex\adjustbox\trimclip.sty"
Package: trimclip 2012/05/16 v1.0 Trim and clip general TeX material

("C:\Program Files (x86)\MiKTeX 2.9\tex\latex\collectbox\collectbox.sty"
Package: collectbox 2012/05/17 v0.4b Collect macro arguments as boxes
\collectedbox=\box31
)
\tc@llx=\dimen124
\tc@lly=\dimen125
\tc@urx=\dimen126
\tc@ury=\dimen127
Package trimclip Info: Using driver 'tc-pdftex.def'.

("C:\Program Files (x86)\MiKTeX 2.9\tex\latex\adjustbox\tc-pdftex.def"
File: tc-pdftex.def 2012/05/13 v1.0 Clipping driver for pdftex
))
\adjbox@Width=\dimen128
\adjbox@Height=\dimen129
\adjbox@Depth=\dimen130
\adjbox@Totalheight=\dimen131

("C:\Program Files (x86)\MiKTeX 2.9\tex\latex\ifoddpage\ifoddpage.sty"
Package: ifoddpage 2011/09/13 v1.0 Conditionals for odd/even page detection
\c@checkoddpage=\count111
)
("C:\Program Files (x86)\MiKTeX 2.9\tex\latex\ltxmisc\varwidth.sty"
Package: varwidth 2009/03/30 ver 0.92;  Variable-width minipages
\@vwid@box=\box32
\sift@deathcycles=\count112
\@vwid@loff=\dimen132
\@vwid@roff=\dimen133
))
("C:\Program Files (x86)\MiKTeX 2.9\tex\latex\pdfpages\pdfpages.sty"
Package: pdfpages 2015/08/16 v0.5c Insert pages of external PDF documents (AM)

("C:\Program Files (x86)\MiKTeX 2.9\tex\latex\tools\calc.sty"
Package: calc 2007/08/22 v4.3 Infix arithmetic (KKT,FJ)
\calc@Acount=\count113
\calc@Bcount=\count114
\calc@Adimen=\dimen134
\calc@Bdimen=\dimen135
\calc@Askip=\skip54
\calc@Bskip=\skip55
LaTeX Info: Redefining \setlength on input line 76.
LaTeX Info: Redefining \addtolength on input line 77.
\calc@Ccount=\count115
\calc@Cskip=\skip56
)
("C:\Program Files (x86)\MiKTeX 2.9\tex\latex\eso-pic\eso-pic.sty"
Package: eso-pic 2015/07/21 v2.0g eso-pic (RN)

("C:\Program Files (x86)\MiKTeX 2.9\tex\generic\oberdiek\atbegshi.sty"
Package: atbegshi 2011/10/05 v1.16 At begin shipout hook (HO)

("C:\Program Files (x86)\MiKTeX 2.9\tex\generic\oberdiek\ifpdf.sty"
Package: ifpdf 2011/01/30 v2.3 Provides the ifpdf switch (HO)
Package ifpdf Info: pdfTeX in PDF mode is detected.
)))
\AM@pagewidth=\dimen136
\AM@pageheight=\dimen137

("C:\Program Files (x86)\MiKTeX 2.9\tex\latex\pdfpages\pppdftex.def"
File: pppdftex.def 2015/08/16 v0.5c Pdfpages driver for pdfTeX (AM)
)
("C:\Program Files (x86)\MiKTeX 2.9\tex\latex\oberdiek\pdflscape.sty"
Package: pdflscape 2008/08/11 v0.10 Display of landscape pages in PDF (HO)

("C:\Program Files (x86)\MiKTeX 2.9\tex\latex\graphics\lscape.sty"
Package: lscape 2000/10/22 v3.01 Landscape Pages (DPC)
)
Package pdflscape Info: Auto-detected driver: pdftex on input line 80.

("C:\Program Files (x86)\MiKTeX 2.9\tex\generic\ifxetex\ifxetex.sty"
Package: ifxetex 2010/09/12 v0.6 Provides ifxetex conditional
))
\AM@pagebox=\box33
\AM@toc@title=\toks30
\c@AM@survey=\count116
\AM@templatesizebox=\box34
)
\c@proposition=\count117

("C:\Program Files (x86)\MiKTeX 2.9\tex\latex\tools\thb.sty"
File: thb.sty 1995/11/23 v2.2c Theorem extension package (FMi)
)
\c@Fact=\count118
\c@Lem=\count119
\c@Thm=\count120
\c@Prf=\count121
\c@Def=\count122
\@indexfile=\write3

Writing index file thesis_main.idx
(C:\Users\Nathan\Desktop\Proposal\thesis_main.aux
(C:\Users\Nathan\Desktop\Proposal\abstract.aux)
(C:\Users\Nathan\Desktop\Proposal\chapter1.aux)
(C:\Users\Nathan\Desktop\Proposal\methods.aux)
(C:\Users\Nathan\Desktop\Proposal\application.aux)
(C:\Users\Nathan\Desktop\Proposal\discussion.aux)
(C:\Users\Nathan\Desktop\Proposal\conclusion.aux)
(C:\Users\Nathan\Desktop\Proposal\append-a.aux)
(C:\Users\Nathan\Desktop\Proposal\append-b.aux))
LaTeX Font Info:    Checking defaults for OML/cmm/m/it on input line 61.
LaTeX Font Info:    ... okay on input line 61.
LaTeX Font Info:    Checking defaults for T1/cmr/m/n on input line 61.
LaTeX Font Info:    ... okay on input line 61.
LaTeX Font Info:    Checking defaults for OT1/cmr/m/n on input line 61.
LaTeX Font Info:    ... okay on input line 61.
LaTeX Font Info:    Checking defaults for OMS/cmsy/m/n on input line 61.
LaTeX Font Info:    ... okay on input line 61.
LaTeX Font Info:    Checking defaults for OMX/cmex/m/n on input line 61.
LaTeX Font Info:    ... okay on input line 61.
LaTeX Font Info:    Checking defaults for U/cmr/m/n on input line 61.
LaTeX Font Info:    ... okay on input line 61.

("C:\Program Files (x86)\MiKTeX 2.9\tex\context\base\supp-pdf.mkii"
[Loading MPS to PDF converter (version 2006.09.02).]
\scratchcounter=\count123
\scratchdimen=\dimen138
\scratchbox=\box35
\nofMPsegments=\count124
\nofMParguments=\count125
\everyMPshowfont=\toks31
\MPscratchCnt=\count126
\MPscratchDim=\dimen139
\MPnumerator=\count127
\makeMPintoPDFobject=\count128
\everyMPtoPDFconversion=\toks32
)
\AtBeginShipoutBox=\box36
 <signed_front.pdf, id=1, 614.295pt x 794.97pt>
File: signed_front.pdf Graphic file (type pdf)
 <use signed_front.pdf>
Package pdftex.def Info: signed_front.pdf used on input line 62.
(pdftex.def)             Requested size: 614.29349pt x 794.96806pt.
File: signed_front.pdf Graphic file (type pdf)

<use signed_front.pdf>
Package pdftex.def Info: signed_front.pdf used on input line 62.
(pdftex.def)             Requested size: 614.29349pt x 794.96806pt.
 <signed_front.pdf, id=4, page=1, 614.295pt x 794.97pt>
File: signed_front.pdf Graphic file (type pdf)

<use signed_front.pdf, page 1>
Package pdftex.def Info: signed_front.pdf, page1 used on input line 62.
(pdftex.def)             Requested size: 614.29349pt x 794.96806pt.
File: signed_front.pdf Graphic file (type pdf)
 <use signed_front.pdf, page 1>
Package pdftex.def Info: signed_front.pdf, page1 used on input line 62.
(pdftex.def)             Requested size: 614.58406pt x 795.3441pt.
File: signed_front.pdf Graphic file (type pdf)

<use signed_front.pdf, page 1>
Package pdftex.def Info: signed_front.pdf, page1 used on input line 62.
(pdftex.def)             Requested size: 614.58406pt x 795.3441pt.
File: signed_front.pdf Graphic file (type pdf)
 <use signed_front.pdf, page 1>
Package pdftex.def Info: signed_front.pdf, page1 used on input line 62.
(pdftex.def)             Requested size: 614.58406pt x 795.3441pt.
File: signed_front.pdf Graphic file (type pdf)

<use signed_front.pdf, page 1>
Package pdftex.def Info: signed_front.pdf, page1 used on input line 62.
(pdftex.def)             Requested size: 614.58406pt x 795.3441pt.
 [1


 <C:/Users/Nathan/Desktop/Proposal/signed_front.pdf>] (C:\Users\Nathan\Desktop\
Proposal\abstract.tex) [1


{C:/ProgramData/MiKTeX/2.9/pdftex/config/pdftex.map}]
(C:\Users\Nathan\Desktop\Proposal\thesis_main.toc
LaTeX Font Info:    Try loading font information for U+msa on input line 5.

("C:\Program Files (x86)\MiKTeX 2.9\tex\latex\amsfonts\umsa.fd"
File: umsa.fd 2013/01/14 v3.01 AMS symbols A
)
LaTeX Font Info:    Try loading font information for U+msb on input line 5.

("C:\Program Files (x86)\MiKTeX 2.9\tex\latex\amsfonts\umsb.fd"
File: umsb.fd 2013/01/14 v3.01 AMS symbols B
)
LaTeX Font Info:    Try loading font information for U+lasy on input line 5.

("C:\Program Files (x86)\MiKTeX 2.9\tex\latex\base\ulasy.fd"
File: ulasy.fd 1998/08/17 v2.2e LaTeX symbol font definitions
) [2


])
\tf@toc=\write4
 [3]
(C:\Users\Nathan\Desktop\Proposal\thesis_main.lof)
\tf@lof=\write5
 [4

]
(C:\Users\Nathan\Desktop\Proposal\thesis_main.lot)
\tf@lot=\write6
 [5

]
(C:\Users\Nathan\Desktop\Proposal\chapter1.tex
Chapter 1.
[1



] [2] [3] <mi_example_full.jpg, id=50, 520.19344pt x 259.7203pt>
File: mi_example_full.jpg Graphic file (type jpg)

<use mi_example_full.jpg>
Package pdftex.def Info: mi_example_full.jpg used on input line 30.
(pdftex.def)             Requested size: 368.57964pt x 184.02225pt.
 [4] [5 <C:/Users/Nathan/Desktop/Proposal/mi_example_full.jpg>] [6]
Missing character: There is no – in font cmr8!
 [7]
Overfull \hbox (1.95634pt too wide) in paragraph at lines 87--90
[]\OT1/cmr/m/n/12 Our in-fer-ence of in-ter-est is on the haz-ard ra-tio, given
 by $[] = []([][] \OML/cmm/m/it/12 []\OT1/cmr/m/n/12 (\OML/cmm/m/it/12 Z[] \OM
S/cmsy/m/n/12  $
 []

[8] [9] [10]
Missing character: There is no ’ in font cmr12!
 [11] [12] [13]) [14] (C:\Users\Nathan\Desktop\Proposal\methods.tex
Chapter 2.
[15



] <jm_algo.jpg, id=97, 362.85562pt x 364.36125pt>
File: jm_algo.jpg Graphic file (type jpg)
 <use jm_algo.jpg>
Package pdftex.def Info: jm_algo.jpg used on input line 15.
(pdftex.def)             Requested size: 346.89731pt x 348.34285pt.
Missing character: There is no “ in font cmr10!
Missing character: There is no ” in font cmr10!


LaTeX Warning: `!h' float specifier changed to `!ht'.

[16] [17 <C:/Users/Nathan/Desktop/Proposal/jm_algo.jpg>]
Overfull \hbox (24.69052pt too wide) in paragraph at lines 34--36
\OT1/cmr/m/n/12 more as-sump-tions), and is im-puted on a vari-able by vari-abl
e case on the columns/covariates
 []

[18] <fcs_algo.jpg, id=107, 365.11406pt x 261.97874pt>
File: fcs_algo.jpg Graphic file (type jpg)
 <use fcs_algo.jpg>
Package pdftex.def Info: fcs_algo.jpg used on input line 43.
(pdftex.def)             Requested size: 346.89731pt x 248.91837pt.
Missing character: There is no “ in font cmr10!
Missing character: There is no ” in font cmr10!


LaTeX Warning: `!h' float specifier changed to `!ht'.

[19] [20 <C:/Users/Nathan/Desktop/Proposal/fcs_algo.jpg>] [21] [22]
Missing character: There is no “ in font cmr12!
Missing character: There is no ” in font cmr12!
 [23]
[24]
Missing character: There is no ’ in font cmr12!
Missing character: There is no “ in font cmr12!
Missing character: There is no ” in font cmr12!
Missing character: There is no “ in font cmr12!
Missing character: There is no ” in font cmr12!
 [25] [26] [27] [28] [29] [30] [31] [32] [33]
Missing character: There is no – in font cmr12!
 [34] [35]) [36]
(C:\Users\Nathan\Desktop\Proposal\application.tex
Chapter 3.
<missingvalues_plot.png, id=166, 455.7025pt x 485.815pt>
File: missingvalues_plot.png Graphic file (type png)

<use missingvalues_plot.png>
Package pdftex.def Info: missingvalues_plot.png used on input line 61.
(pdftex.def)             Requested size: 346.89731pt x 369.8311pt.
 [37



]

LaTeX Warning: `!h' float specifier changed to `!ht'.

[38] [39] [40 <C:/Users/Nathan/Desktop/Proposal/missingvalues_plot.png>]
[41] [42] [43] <traceplots1.png, id=191, 606.265pt x 440.64626pt>
File: traceplots1.png Graphic file (type png)

<use traceplots1.png>
Package pdftex.def Info: traceplots1.png used on input line 133.
(pdftex.def)             Requested size: 346.89731pt x 252.13246pt.
 <traceplots2.png, id=192, 606.265pt x 440.64626pt>
File: traceplots2.png Graphic file (type png)

<use traceplots2.png>
Package pdftex.def Info: traceplots2.png used on input line 141.
(pdftex.def)             Requested size: 346.89731pt x 252.13246pt.
 <cont_densplot.png, id=193, 477.785pt x 485.815pt>
File: cont_densplot.png Graphic file (type png)

<use cont_densplot.png>
Package pdftex.def Info: cont_densplot.png used on input line 151.
(pdftex.def)             Requested size: 260.17464pt x 264.54524pt.
 [44] [45 <C:/Users/Nathan/Desktop/Proposal/traceplots1.png> <C:/Users/Nathan/D
esktop/Proposal/traceplots2.png>]
<bw_timemet.png, id=202, 616.3025pt x 485.815pt>
File: bw_timemet.png Graphic file (type png)
 <use bw_timemet.png>
Package pdftex.def Info: bw_timemet.png used on input line 162.
(pdftex.def)             Requested size: 216.81pt x 170.9051pt.

<bw_timedx.png, id=203, 616.3025pt x 485.815pt>
File: bw_timedx.png Graphic file (type png)
 <use bw_timedx.png>
Package pdftex.def Info: bw_timedx.png used on input line 163.
(pdftex.def)             Requested size: 216.81pt x 170.9051pt.

<cape_lapat_ratio.png, id=204, 541.02126pt x 485.815pt>
File: cape_lapat_ratio.png Graphic file (type png)

<use cape_lapat_ratio.png>
Package pdftex.def Info: cape_lapat_ratio.png used on input line 173.
(pdftex.def)             Requested size: 303.53267pt x 272.56604pt.
 [46 <C:/Users/Nathan/Desktop/Proposal/cont_densplot.png>] [47 <C:/Users/Nathan
/Desktop/Proposal/bw_timemet.png> <C:/Users/Nathan/Desktop/Proposal/bw_timedx.p
ng> <C:/Users/Nathan/Desktop/Proposal/cape_lapat_ratio.png>] [48] <chemo_km.png
, id=218, 448.67625pt x 485.815pt>
File: chemo_km.png Graphic file (type png)

<use chemo_km.png>
Package pdftex.def Info: chemo_km.png used on input line 226.
(pdftex.def)             Requested size: 346.89731pt x 375.62059pt.
 <her2_km.png, id=219, 448.67625pt x 485.815pt>
File: her2_km.png Graphic file (type png)

<use her2_km.png>
Package pdftex.def Info: her2_km.png used on input line 236.
(pdftex.def)             Requested size: 346.89731pt x 375.62059pt.
 [49] [50 <C:/Users/Nathan/Desktop/Proposal/chemo_km.png>]
[51 <C:/Users/Nathan/Desktop/Proposal/her2_km.png>]
LaTeX Font Info:    Try loading font information for OML+cmr on input line 258.


("C:\Program Files (x86)\MiKTeX 2.9\tex\latex\base\omlcmr.fd"
File: omlcmr.fd 1999/05/25 v2.5h Standard LaTeX font definitions
)
LaTeX Font Info:    Font shape `OML/cmr/m/n' in size <12> not available
(Font)              Font shape `OML/cmm/m/it' tried instead on input line 258.
 [52]
<ac_schoenfeld.png, id=235, 600.74437pt x 532.99126pt>
File: ac_schoenfeld.png Graphic file (type png)
 <use ac_schoenfeld.png>
Package pdftex.def Info: ac_schoenfeld.png used on input line 288.
(pdftex.def)             Requested size: 346.89731pt x 307.78511pt.

<mi_schoenfeld.png, id=236, 536.75531pt x 389.95688pt>
File: mi_schoenfeld.png Graphic file (type png)
 <use mi_schoenfeld.png>
Package pdftex.def Info: mi_schoenfeld.png used on input line 295.
(pdftex.def)             Requested size: 346.89731pt x 252.02304pt.


LaTeX Warning: `!h' float specifier changed to `!ht'.

[53] [54 <C:/Users/Nathan/Desktop/Proposal/ac_schoenfeld.png>] [55] [56 <C:/Use
rs/Nathan/Desktop/Proposal/mi_schoenfeld.png>] [57] [58]
Missing character: There is no … in font cmr12!
 [59] [60]
<ps_histo1.png, id=264, 441.90094pt x 274.02374pt>
File: ps_histo1.png Graphic file (type png)
 <use ps_histo1.png>
Package pdftex.def Info: ps_histo1.png used on input line 409.
(pdftex.def)             Requested size: 216.81pt x 134.44423pt.

<ps_histo2.png, id=265, 439.6425pt x 271.76532pt>
File: ps_histo2.png Graphic file (type png)
 <use ps_histo2.png>
Package pdftex.def Info: ps_histo2.png used on input line 410.
(pdftex.def)             Requested size: 216.81pt x 134.0204pt.
 [61 <C:/Users/Nathan/Desktop/Proposal/ps_histo1.png> <C:/Users/Nathan/Desktop/
Proposal/ps_histo2.png>] <ps_bal_diag.png, id=272, 442.65375pt x 367.3725pt>
File: ps_bal_diag.png Graphic file (type png)

<use ps_bal_diag.png>
Package pdftex.def Info: ps_bal_diag.png used on input line 420.
(pdftex.def)             Requested size: 346.89731pt x 287.91716pt.
 [62 <C:/Users/Nathan/Desktop/Proposal/ps_bal_diag.png>]
Overfull \hbox (12.72752pt too wide) in paragraph at lines 445--446
[][] 
 []


Overfull \hbox (12.72752pt too wide) in paragraph at lines 460--461
[][] 
 []


Overfull \hbox (27.09518pt too wide) in paragraph at lines 475--476
[][] 
 []


Overfull \hbox (31.5013pt too wide) in paragraph at lines 490--491
[][] 
 []

) [63] [64] (C:\Users\Nathan\Desktop\Proposal\discussion.tex
Chapter 4.
Missing character: There is no ’ in font cmr12!
Missing character: There is no ’ in font cmr12!
Missing character: There is no ’ in font cmr12!
[65



] [66] [67] [68]) [69] (C:\Users\Nathan\Desktop\Proposal\conclusion.tex
Chapter 5.
) [70



] (C:\Users\Nathan\Desktop\Proposal\append-a.tex
Appendix A.
Missing character: There is no ’ in font cmr12!
LaTeX Font Info:    Try loading font information for OMS+cmr on input line 7.
("C:\Program Files (x86)\MiKTeX 2.9\tex\latex\base\omscmr.fd"
File: omscmr.fd 1999/05/25 v2.5h Standard LaTeX font definitions
)
LaTeX Font Info:    Font shape `OMS/cmr/m/n' in size <12> not available
(Font)              Font shape `OMS/cmsy/m/n' tried instead on input line 7.
 [71



]
Missing character: There is no ’ in font cmr12!
 [72]
Missing character: There is no ’ in font cmr12!
)
[73] (C:\Users\Nathan\Desktop\Proposal\append-b.tex
Missing character: There is no ’ in font cmr12!
 [74


]) [75]
(C:\Users\Nathan\Desktop\Proposal\thesis_main.bbl [76


] [77] [78]) [79]
(C:\Users\Nathan\Desktop\Proposal\thesis_main.aux
(C:\Users\Nathan\Desktop\Proposal\abstract.aux)
(C:\Users\Nathan\Desktop\Proposal\chapter1.aux)
(C:\Users\Nathan\Desktop\Proposal\methods.aux)
(C:\Users\Nathan\Desktop\Proposal\application.aux)
(C:\Users\Nathan\Desktop\Proposal\discussion.aux)
(C:\Users\Nathan\Desktop\Proposal\conclusion.aux)
(C:\Users\Nathan\Desktop\Proposal\append-a.aux)
(C:\Users\Nathan\Desktop\Proposal\append-b.aux)) ) 
Here is how much of TeX's memory you used:
 4944 strings out of 493921
 70667 string characters out of 3144873
 176332 words of memory out of 3000000
 8024 multiletter control sequences out of 15000+200000
 11741 words of font info for 45 fonts, out of 3000000 for 9000
 841 hyphenation exceptions out of 8191
 36i,18n,48p,2176b,519s stack positions out of 5000i,500n,10000p,200000b,50000s
<C:/Program Files (x86)/MiKTe
X 2.9/fonts/type1/public/amsfonts/cm/cmbx12.pfb><C:/Program Files (x86)/MiKTeX 
2.9/fonts/type1/public/amsfonts/cm/cmbx8.pfb><C:/Program Files (x86)/MiKTeX 2.9
/fonts/type1/public/amsfonts/cm/cmex10.pfb><C:/Program Files (x86)/MiKTeX 2.9/f
onts/type1/public/amsfonts/cm/cmmi12.pfb><C:/Program Files (x86)/MiKTeX 2.9/fon
ts/type1/public/amsfonts/cm/cmmi6.pfb><C:/Program Files (x86)/MiKTeX 2.9/fonts/
type1/public/amsfonts/cm/cmmi8.pfb><C:/Program Files (x86)/MiKTeX 2.9/fonts/typ
e1/public/amsfonts/cm/cmr10.pfb><C:/Program Files (x86)/MiKTeX 2.9/fonts/type1/
public/amsfonts/cm/cmr12.pfb><C:/Program Files (x86)/MiKTeX 2.9/fonts/type1/pub
lic/amsfonts/cm/cmr6.pfb><C:/Program Files (x86)/MiKTeX 2.9/fonts/type1/public/
amsfonts/cm/cmr8.pfb><C:/Program Files (x86)/MiKTeX 2.9/fonts/type1/public/amsf
onts/cm/cmsy10.pfb><C:/Program Files (x86)/MiKTeX 2.9/fonts/type1/public/amsfon
ts/cm/cmsy6.pfb><C:/Program Files (x86)/MiKTeX 2.9/fonts/type1/public/amsfonts/
cm/cmsy8.pfb><C:/Program Files (x86)/MiKTeX 2.9/fonts/type1/public/amsfonts/cm/
cmti12.pfb>
Output written on thesis_main.pdf (85 pages, 863370 bytes).
PDF statistics:
 378 PDF objects out of 1000 (max. 8388607)
 0 named destinations out of 1000 (max. 500000)
 106 words of extra memory for PDF output out of 10000 (max. 10000000)

